[0.007s] Invoking command in '/home/donggun/S13P21A501/Embedded/src/turtlebot3_simulations/turtlebot3_manipulation_gazebo/build/turtlebot3_manipulation_gazebo': CMAKE_PREFIX_PATH=${CMAKE_PREFIX_PATH}:/home/donggun/S13P21A501/Embedded/install/turtlebot3_teleop:/home/donggun/S13P21A501/Embedded/install/turtlebot3_example:/home/donggun/S13P21A501/Embedded/install/app_navigation:/opt/ros/humble /usr/bin/cmake /home/donggun/S13P21A501/Embedded/src/turtlebot3_simulations/turtlebot3_manipulation_gazebo -DCMAKE_INSTALL_PREFIX=/home/donggun/S13P21A501/Embedded/src/turtlebot3_simulations/turtlebot3_manipulation_gazebo/install/turtlebot3_manipulation_gazebo
[0.054s] -- The C compiler identification is GNU 11.4.0
[0.087s] -- The CXX compiler identification is GNU 11.4.0
[0.092s] -- Detecting C compiler ABI info
[0.135s] -- Detecting C compiler ABI info - done
[0.140s] -- Check for working C compiler: /usr/bin/cc - skipped
[0.140s] -- Detecting C compile features
[0.140s] -- Detecting C compile features - done
[0.142s] -- Detecting CXX compiler ABI info
[0.191s] -- Detecting CXX compiler ABI info - done
[0.195s] -- Check for working CXX compiler: /usr/bin/c++ - skipped
[0.196s] -- Detecting CXX compile features
[0.196s] -- Detecting CXX compile features - done
[0.199s] -- Found ament_cmake: 1.3.12 (/opt/ros/humble/share/ament_cmake/cmake)
[0.642s] -- Found Python3: /usr/bin/python3 (found version "3.10.12") found components: Interpreter 
[0.720s] -- Found rclcpp: 16.0.14 (/opt/ros/humble/share/rclcpp/cmake)
[0.755s] -- Found rosidl_generator_c: 3.1.7 (/opt/ros/humble/share/rosidl_generator_c/cmake)
[0.760s] -- Found rosidl_adapter: 3.1.7 (/opt/ros/humble/share/rosidl_adapter/cmake)
[0.766s] -- Found rosidl_generator_cpp: 3.1.7 (/opt/ros/humble/share/rosidl_generator_cpp/cmake)
[0.776s] -- Using all available rosidl_typesupport_c: rosidl_typesupport_fastrtps_c;rosidl_typesupport_introspection_c
[0.788s] -- Using all available rosidl_typesupport_cpp: rosidl_typesupport_fastrtps_cpp;rosidl_typesupport_introspection_cpp
[0.824s] -- Found rmw_implementation_cmake: 6.1.2 (/opt/ros/humble/share/rmw_implementation_cmake/cmake)
[0.827s] -- Found rmw_fastrtps_cpp: 6.2.8 (/opt/ros/humble/share/rmw_fastrtps_cpp/cmake)
[0.885s] -- Found OpenSSL: /usr/lib/x86_64-linux-gnu/libcrypto.so (found version "3.0.2")  
[0.903s] -- Found FastRTPS: /opt/ros/humble/include  
[0.930s] -- Using RMW implementation 'rmw_fastrtps_cpp' as default
[0.938s] -- Looking for pthread.h
[0.991s] -- Looking for pthread.h - found
[0.991s] -- Performing Test CMAKE_HAVE_LIBC_PTHREAD
[1.050s] -- Performing Test CMAKE_HAVE_LIBC_PTHREAD - Success
[1.051s] -- Found Threads: TRUE  
[1.092s] -- Found PkgConfig: /usr/bin/pkg-config (found version "0.29.2") 
[1.093s] -- Checking for module 'bullet>=2.82'
[1.101s] --   Found bullet, version 3.05
[1.169s] -- Found fcl: /usr/include (found suitable version "0.7.0", minimum required is "0.5.0") 
[1.248s] -- Found assimp: /usr/include (found version "5.2.0") 
[1.269s] -- Found DART: /usr/include (Required is at least version "6.6") found components: dart 
[1.291s] -- Found Boost: /usr/lib/x86_64-linux-gnu/cmake/Boost-1.74.0/BoostConfig.cmake (found suitable version "1.74.0", minimum required is "1.40.0") found components: thread system filesystem program_options regex iostreams date_time 
[1.300s] -- Found Protobuf: /usr/lib/x86_64-linux-gnu/libprotobuf.so (found version "3.12.4") 
[1.305s] -- Looking for ignition-math6 -- found version 6.15.1
[1.309s] -- Searching for dependencies of ignition-math6
[1.310s] -- Looking for OGRE...
[1.310s] -- OGRE_PREFIX_WATCH changed.
[1.313s] -- Checking for module 'OGRE'
[1.322s] --   Found OGRE, version 1.9.0
[1.341s] -- Found Ogre Ghadamon (1.9.0)
[1.347s] -- Found OGRE: optimized;/usr/lib/x86_64-linux-gnu/libOgreMain.so;debug;/usr/lib/x86_64-linux-gnu/libOgreMain.so
[1.353s] -- Looking for OGRE_Paging...
[1.357s] -- Found OGRE_Paging: optimized;/usr/lib/x86_64-linux-gnu/libOgrePaging.so;debug;/usr/lib/x86_64-linux-gnu/libOgrePaging.so
[1.357s] -- Looking for OGRE_Terrain...
[1.362s] -- Found OGRE_Terrain: optimized;/usr/lib/x86_64-linux-gnu/libOgreTerrain.so;debug;/usr/lib/x86_64-linux-gnu/libOgreTerrain.so
[1.362s] -- Looking for OGRE_Property...
[1.366s] -- Found OGRE_Property: optimized;/usr/lib/x86_64-linux-gnu/libOgreProperty.so;debug;/usr/lib/x86_64-linux-gnu/libOgreProperty.so
[1.366s] -- Looking for OGRE_RTShaderSystem...
[1.370s] -- Found OGRE_RTShaderSystem: optimized;/usr/lib/x86_64-linux-gnu/libOgreRTShaderSystem.so;debug;/usr/lib/x86_64-linux-gnu/libOgreRTShaderSystem.so
[1.370s] -- Looking for OGRE_Volume...
[1.374s] -- Found OGRE_Volume: optimized;/usr/lib/x86_64-linux-gnu/libOgreVolume.so;debug;/usr/lib/x86_64-linux-gnu/libOgreVolume.so
[1.374s] -- Looking for OGRE_Overlay...
[1.378s] -- Found OGRE_Overlay: optimized;/usr/lib/x86_64-linux-gnu/libOgreOverlay.so;debug;/usr/lib/x86_64-linux-gnu/libOgreOverlay.so
[1.473s] -- Looking for ignition-math6 -- found version 6.15.1
[1.475s] -- Looking for ignition-transport8 -- found version 8.2.1
[1.475s] -- Searching for dependencies of ignition-transport8
[1.487s] -- Found Protobuf: /usr/lib/x86_64-linux-gnu/libprotobuf.so (found suitable version "3.12.4", minimum required is "3") 
[1.495s] -- Config-file not installed for ZeroMQ -- checking for pkg-config
[1.498s] -- Checking for module 'libzmq >= 4'
[1.506s] --   Found libzmq , version 4.3.4
[1.529s] -- Found ZeroMQ: TRUE (Required is at least version "4") 
[1.533s] -- Checking for module 'uuid'
[1.541s] --   Found uuid, version 2.37.2
[1.567s] -- Found UUID: TRUE  
[1.573s] -- Looking for ignition-msgs5 -- found version 5.8.1
[1.573s] -- Searching for dependencies of ignition-msgs5
[1.589s] -- Looking for ignition-math6 -- found version 6.15.1
[1.592s] -- Checking for module 'tinyxml2'
[1.600s] --   Found tinyxml2, version 9.0.0
[1.624s] -- Looking for ignition-msgs5 -- found version 5.8.1
[1.627s] -- Looking for ignition-common3 -- found version 3.14.0
[1.628s] -- Searching for dependencies of ignition-common3
[1.628s] -- Looking for dlfcn.h - found
[1.629s] -- Looking for libdl - found
[1.630s] -- Found DL: TRUE  
[1.638s] -- Found tinyobjloader: /usr/lib/x86_64-linux-gnu/cmake/tinyobjloader/tinyobjloader-config.cmake (found version "2.0.0") 
[1.638s] -- Searching for <ignition-common3> component [graphics]
[1.640s] -- Looking for ignition-common3-graphics -- found version 3.14.0
[1.640s] -- Searching for dependencies of ignition-common3-graphics
[1.641s] -- Looking for ignition-math6 -- found version 6.15.1
[1.643s] -- Looking for ignition-fuel_tools4 -- found version 4.4.0
[1.643s] -- Searching for dependencies of ignition-fuel_tools4
[1.692s] -- Found CURL: /usr/lib/x86_64-linux-gnu/libcurl.so (found version "7.81.0")  
[1.698s] -- Checking for module 'jsoncpp'
[1.706s] --   Found jsoncpp, version 1.9.5
[1.725s] -- Found JSONCPP: TRUE  
[1.728s] -- Checking for module 'libzip'
[1.736s] --   Found libzip, version 1.7.3
[1.756s] -- Found ZIP: TRUE  
[1.756s] -- Looking for ignition-common3 -- found version 3.14.0
[1.756s] -- Looking for ignition-math6 -- found version 6.15.1
[1.756s] -- Looking for ignition-msgs5 -- found version 5.8.1
[1.761s] -- Found gazebo_dev: 3.9.0 (/opt/ros/humble/share/gazebo_dev/cmake)
[1.762s] -- Gazebo version: 11.10
[1.762s] -- Checking for module 'tbb'
[1.770s] --   Found tbb, version 2021.5.0
[1.805s] -- Found gazebo_ros: 3.9.0 (/opt/ros/humble/share/gazebo_ros/cmake)
[1.868s] -- Configuring done
[1.885s] -- Generating done
[1.890s] -- Build files have been written to: /home/donggun/S13P21A501/Embedded/src/turtlebot3_simulations/turtlebot3_manipulation_gazebo/build/turtlebot3_manipulation_gazebo
[1.898s] Invoked command in '/home/donggun/S13P21A501/Embedded/src/turtlebot3_simulations/turtlebot3_manipulation_gazebo/build/turtlebot3_manipulation_gazebo' returned '0': CMAKE_PREFIX_PATH=${CMAKE_PREFIX_PATH}:/home/donggun/S13P21A501/Embedded/install/turtlebot3_teleop:/home/donggun/S13P21A501/Embedded/install/turtlebot3_example:/home/donggun/S13P21A501/Embedded/install/app_navigation:/opt/ros/humble /usr/bin/cmake /home/donggun/S13P21A501/Embedded/src/turtlebot3_simulations/turtlebot3_manipulation_gazebo -DCMAKE_INSTALL_PREFIX=/home/donggun/S13P21A501/Embedded/src/turtlebot3_simulations/turtlebot3_manipulation_gazebo/install/turtlebot3_manipulation_gazebo
[1.900s] Invoking command in '/home/donggun/S13P21A501/Embedded/src/turtlebot3_simulations/turtlebot3_manipulation_gazebo/build/turtlebot3_manipulation_gazebo': CMAKE_PREFIX_PATH=${CMAKE_PREFIX_PATH}:/home/donggun/S13P21A501/Embedded/install/turtlebot3_teleop:/home/donggun/S13P21A501/Embedded/install/turtlebot3_example:/home/donggun/S13P21A501/Embedded/install/app_navigation:/opt/ros/humble /usr/bin/cmake --build /home/donggun/S13P21A501/Embedded/src/turtlebot3_simulations/turtlebot3_manipulation_gazebo/build/turtlebot3_manipulation_gazebo -- -j16 -l16
[1.932s] [ 16%] [32mBuilding CXX object CMakeFiles/ElevatorRos2Plugin.dir/home/donggun/S13P21A501/Embedded/src/Plugin/ElevatorRos2Plugin.cpp.o[0m
[1.932s] [ 33%] [32mBuilding CXX object CMakeFiles/DisplayMarkerRos2Plugin.dir/home/donggun/S13P21A501/Embedded/src/Plugin/DisplayMarkerRos2Plugin.cpp.o[0m
[1.932s] [ 50%] [32mBuilding CXX object CMakeFiles/AptDoorRos2Plugin.dir/home/donggun/S13P21A501/Embedded/src/Plugin/AptDoorRos2Plugin.cpp.o[0m
[12.842s] gmake[2]: *** [CMakeFiles/AptDoorRos2Plugin.dir/build.make:76: CMakeFiles/AptDoorRos2Plugin.dir/home/donggun/S13P21A501/Embedded/src/Plugin/AptDoorRos2Plugin.cpp.o] μΈν„°λ½νΈ
[12.842s] gmake[2]: *** [CMakeFiles/ElevatorRos2Plugin.dir/build.make:76: CMakeFiles/ElevatorRos2Plugin.dir/home/donggun/S13P21A501/Embedded/src/Plugin/ElevatorRos2Plugin.cpp.o] μΈν„°λ½νΈ
[12.842s] gmake[2]: *** [CMakeFiles/DisplayMarkerRos2Plugin.dir/build.make:76: CMakeFiles/DisplayMarkerRos2Plugin.dir/home/donggun/S13P21A501/Embedded/src/Plugin/DisplayMarkerRos2Plugin.cpp.o] μΈν„°λ½νΈ
[12.843s] gmake[1]: *** [CMakeFiles/Makefile2:141: CMakeFiles/ElevatorRos2Plugin.dir/all] μΈν„°λ½νΈ
[12.843s] gmake[1]: *** [CMakeFiles/Makefile2:193: CMakeFiles/DisplayMarkerRos2Plugin.dir/all] μΈν„°λ½νΈ
[12.843s] gmake[1]: *** [CMakeFiles/Makefile2:167: CMakeFiles/AptDoorRos2Plugin.dir/all] μΈν„°λ½νΈ
[12.843s] gmake: *** [Makefile:146: all] μΈν„°λ½νΈ
[12.921s] Invoked command in '/home/donggun/S13P21A501/Embedded/src/turtlebot3_simulations/turtlebot3_manipulation_gazebo/build/turtlebot3_manipulation_gazebo' returned '-2': CMAKE_PREFIX_PATH=${CMAKE_PREFIX_PATH}:/home/donggun/S13P21A501/Embedded/install/turtlebot3_teleop:/home/donggun/S13P21A501/Embedded/install/turtlebot3_example:/home/donggun/S13P21A501/Embedded/install/app_navigation:/opt/ros/humble /usr/bin/cmake --build /home/donggun/S13P21A501/Embedded/src/turtlebot3_simulations/turtlebot3_manipulation_gazebo/build/turtlebot3_manipulation_gazebo -- -j16 -l16
